<?xml version="1.0" encoding="UTF-8"?>
<!-- Generated by org.testng.reporters.JUnitReportReporter -->
<testsuite hostname="Kiran_Saraswat" failures="0" tests="1" name="publisher.publisher.Login" time="8.788" errors="0" timestamp="2024-06-28T21:07:12 IST" skipped="0">
  <testcase classname="publisher.publisher.Login" name="hello" time="8.788"/>
  <system-out/>
</testsuite> <!-- publisher.publisher.Login -->
